app/build/intermediates/manifest_merge_blame_file/debug/manifest-merger-blame-debug-report.txt
1<?xml version="1.0" encoding="utf-8"?>
2<manifest xmlns:android="http://schemas.android.com/apk/res/android"
3    package="com.emglab.qlsv"
4    android:versionCode="1"
5    android:versionName="1.0.0" >
6
7    <uses-sdk
7-->src/main/AndroidManifest.xml:6:5-73
8        android:minSdkVersion="16"
8-->src/main/AndroidManifest.xml:6:5-73
9        android:targetSdkVersion="31" />
9-->src/main/AndroidManifest.xml:6:5-73
10
11    <uses-permission android:name="android.permission.ACCESS_FINE_LOCATION" />
11-->src/main/AndroidManifest.xml:8:5-79
11-->src/main/AndroidManifest.xml:8:22-76
12    <uses-permission android:name="android.permission.INTERNET" />
12-->src/main/AndroidManifest.xml:9:5-67
12-->src/main/AndroidManifest.xml:9:22-64
13    <uses-permission android:name="android.permission.ACCESS_COARSE_LOCATION" />
13-->src/main/AndroidManifest.xml:10:5-81
13-->src/main/AndroidManifest.xml:10:22-78
14    <uses-permission android:name="android.permission.CAMERA" />
14-->src/main/AndroidManifest.xml:11:5-65
14-->src/main/AndroidManifest.xml:11:22-62
15    <uses-permission android:name="android.permission.READ_EXTERNAL_STORAGE" />
15-->src/main/AndroidManifest.xml:12:5-80
15-->src/main/AndroidManifest.xml:12:22-77
16    <uses-permission android:name="android.permission.WRITE_EXTERNAL_STORAGE" />
16-->src/main/AndroidManifest.xml:13:5-81
16-->src/main/AndroidManifest.xml:13:22-78
17    <!-- <uses-permission android:name="com.google.android.gms.permission.ACTIVITY_RECOGNITION" /> -->
18    <!-- <uses-permission android:name="android.permission.RECEIVE_BOOT_COMPLETED" /> -->
19    <!-- <uses-permission android:name="android.permission.FOREGROUND_SERVICE"/> -->
20    <!-- <uses-permission android:name="android.permission.ACCESS_BACKGROUND_LOCATION"/> -->
21
22    <queries>
22-->src/main/AndroidManifest.xml:19:5-23:15
23        <intent>
23-->src/main/AndroidManifest.xml:20:9-22:18
24            <action android:name="android.media.action.IMAGE_CAPTURE" />
24-->src/main/AndroidManifest.xml:21:13-73
24-->src/main/AndroidManifest.xml:21:21-70
25        </intent>
26
27        <package android:name="com.azure.authenticator" />
27-->[com.microsoft.identity:common:3.6.7] AndroidManifest.xml:20:9-59
27-->[com.microsoft.identity:common:3.6.7] AndroidManifest.xml:20:18-56
28        <package android:name="com.microsoft.identity.testuserapp" />
28-->[com.microsoft.identity:common:3.6.7] AndroidManifest.xml:21:9-70
28-->[com.microsoft.identity:common:3.6.7] AndroidManifest.xml:21:18-67
29        <package android:name="com.microsoft.windowsintune.companyportal" />
29-->[com.microsoft.identity:common:3.6.7] AndroidManifest.xml:22:9-77
29-->[com.microsoft.identity:common:3.6.7] AndroidManifest.xml:22:18-74
30        <!--
31        Required for API Level 30 to make sure we can detect browsers
32        (that don't support custom tabs)
33        -->
34        <intent>
34-->[com.microsoft.identity:common:3.6.7] AndroidManifest.xml:27:9-33:18
35            <action android:name="android.intent.action.VIEW" />
35-->src/main/AndroidManifest.xml:48:17-69
35-->src/main/AndroidManifest.xml:48:25-66
36
37            <category android:name="android.intent.category.BROWSABLE" />
37-->src/main/AndroidManifest.xml:50:17-78
37-->src/main/AndroidManifest.xml:50:27-75
38
39            <data android:scheme="https" />
39-->src/main/AndroidManifest.xml:51:17-53:72
39-->src/main/AndroidManifest.xml:51:23-46
40        </intent> <!-- Required for API Level 30 to make sure we can detect browsers that support custom tabs -->
41        <!-- https://developers.google.com/web/updates/2020/07/custom-tabs-android-11#detecting_browsers_that_support_custom_tabs -->
42        <intent>
42-->[com.microsoft.identity:common:3.6.7] AndroidManifest.xml:36:9-38:18
43            <action android:name="android.support.customtabs.action.CustomTabsService" />
43-->[com.microsoft.identity:common:3.6.7] AndroidManifest.xml:37:13-90
43-->[com.microsoft.identity:common:3.6.7] AndroidManifest.xml:37:21-87
44        </intent>
45    </queries>
46
47    <uses-feature android:name="android.hardware.camera" />
47-->[info.androidhive:barcode-reader:1.1.5] AndroidManifest.xml:13:5-60
47-->[info.androidhive:barcode-reader:1.1.5] AndroidManifest.xml:13:19-57
48
49    <uses-permission android:name="android.permission.ACCESS_NETWORK_STATE" />
49-->[com.microsoft.identity.client:msal:2.2.3] AndroidManifest.xml:11:5-79
49-->[com.microsoft.identity.client:msal:2.2.3] AndroidManifest.xml:11:22-76
50
51    <uses-feature
51-->[com.journeyapps:zxing-android-embedded:3.3.0] AndroidManifest.xml:27:5-29:36
52        android:name="android.hardware.camera.front"
52-->[com.journeyapps:zxing-android-embedded:3.3.0] AndroidManifest.xml:28:9-53
53        android:required="false" /> <!-- TODO replace above two with next line after Android 4.2 -->
53-->[com.journeyapps:zxing-android-embedded:3.3.0] AndroidManifest.xml:29:9-33
54    <!-- <uses-feature android:name="android.hardware.camera.any"/> -->
55    <uses-feature
55-->[com.journeyapps:zxing-android-embedded:3.3.0] AndroidManifest.xml:32:5-34:36
56        android:name="android.hardware.camera.autofocus"
56-->[com.journeyapps:zxing-android-embedded:3.3.0] AndroidManifest.xml:33:9-57
57        android:required="false" />
57-->[com.journeyapps:zxing-android-embedded:3.3.0] AndroidManifest.xml:34:9-33
58    <uses-feature
58-->[com.journeyapps:zxing-android-embedded:3.3.0] AndroidManifest.xml:35:5-37:36
59        android:name="android.hardware.camera.flash"
59-->[com.journeyapps:zxing-android-embedded:3.3.0] AndroidManifest.xml:36:9-53
60        android:required="false" />
60-->[com.journeyapps:zxing-android-embedded:3.3.0] AndroidManifest.xml:37:9-33
61    <uses-feature
61-->[com.journeyapps:zxing-android-embedded:3.3.0] AndroidManifest.xml:38:5-40:36
62        android:name="android.hardware.screen.landscape"
62-->[com.journeyapps:zxing-android-embedded:3.3.0] AndroidManifest.xml:39:9-57
63        android:required="false" />
63-->[com.journeyapps:zxing-android-embedded:3.3.0] AndroidManifest.xml:40:9-33
64    <uses-feature
64-->[com.journeyapps:zxing-android-embedded:3.3.0] AndroidManifest.xml:41:5-43:36
65        android:name="android.hardware.wifi"
65-->[com.journeyapps:zxing-android-embedded:3.3.0] AndroidManifest.xml:42:9-45
66        android:required="false" /> <!-- Required by older versions of Google Play services to create GCM registration tokens -->
66-->[com.journeyapps:zxing-android-embedded:3.3.0] AndroidManifest.xml:43:9-33
67    <uses-permission android:name="com.google.android.c2dm.permission.RECEIVE" />
67-->[com.google.android.gms:play-services-gcm:17.0.0] AndroidManifest.xml:23:5-82
67-->[com.google.android.gms:play-services-gcm:17.0.0] AndroidManifest.xml:23:22-79
68
69    <uses-feature
69-->[com.google.android.gms:play-services-maps:17.0.0] AndroidManifest.xml:26:5-28:35
70        android:glEsVersion="0x00020000"
70-->[com.google.android.gms:play-services-maps:17.0.0] AndroidManifest.xml:27:9-41
71        android:required="true" />
71-->[com.google.android.gms:play-services-maps:17.0.0] AndroidManifest.xml:28:9-32
72
73    <uses-permission android:name="android.permission.WAKE_LOCK" />
73-->[com.google.firebase:firebase-iid:21.0.0] AndroidManifest.xml:24:5-68
73-->[com.google.firebase:firebase-iid:21.0.0] AndroidManifest.xml:24:22-65
74    <uses-permission android:name="com.google.android.finsky.permission.BIND_GET_INSTALL_REFERRER_SERVICE" />
74-->[com.google.android.gms:play-services-measurement:18.0.0] AndroidManifest.xml:26:5-110
74-->[com.google.android.gms:play-services-measurement:18.0.0] AndroidManifest.xml:26:22-107
75    <uses-permission android:name="android.permission.ACCESS_WIFI_STATE" /> <!-- Detect boot to invalidate TrueTime -->
75-->[com.github.instacart.truetime-android:library:master-SNAPSHOT] AndroidManifest.xml:12:5-76
75-->[com.github.instacart.truetime-android:library:master-SNAPSHOT] AndroidManifest.xml:12:22-73
76    <uses-permission android:name="android.permission.RECEIVE_BOOT_COMPLETED" />
76-->[com.github.instacart.truetime-android:library:master-SNAPSHOT] AndroidManifest.xml:15:5-81
76-->[com.github.instacart.truetime-android:library:master-SNAPSHOT] AndroidManifest.xml:15:22-78
77
78    <application
78-->src/main/AndroidManifest.xml:25:5-127:19
79        android:name="com.emglab.qlsv.App"
79-->src/main/AndroidManifest.xml:26:13-47
80        android:allowBackup="true"
80-->src/main/AndroidManifest.xml:27:13-39
81        android:appComponentFactory="androidx.core.app.CoreComponentFactory"
81-->[androidx.core:core:1.5.0] AndroidManifest.xml:24:18-86
82        android:debuggable="true"
83        android:hardwareAccelerated="true"
83-->src/main/AndroidManifest.xml:28:13-47
84        android:icon="@drawable/ic_launcher"
84-->src/main/AndroidManifest.xml:29:13-49
85        android:label="@string/app_name"
85-->src/main/AndroidManifest.xml:30:13-45
86        android:requestLegacyExternalStorage="true"
86-->src/main/AndroidManifest.xml:31:13-56
87        android:roundIcon="@drawable/ic_launcher_round"
87-->src/main/AndroidManifest.xml:32:13-60
88        android:supportsRtl="true"
88-->src/main/AndroidManifest.xml:33:13-39
89        android:testOnly="true"
90        android:theme="@style/AppTheme"
90-->src/main/AndroidManifest.xml:34:13-44
91        android:usesCleartextTraffic="true" >
91-->src/main/AndroidManifest.xml:35:13-48
92        <activity
92-->src/main/AndroidManifest.xml:38:9-41:43
93            android:name="com.emglab.qlsv.TeacherActivity"
93-->src/main/AndroidManifest.xml:39:17-63
94            android:exported="true"
94-->src/main/AndroidManifest.xml:41:17-40
95            android:screenOrientation="portrait" />
95-->src/main/AndroidManifest.xml:40:17-53
96
97        <!-- Intent filter to capture System Browser or Authenticator calling back to our app after sign-in -->
98        <activity
98-->src/main/AndroidManifest.xml:44:9-55:20
99            android:name="com.microsoft.identity.client.BrowserTabActivity"
99-->src/main/AndroidManifest.xml:46:17-80
100            android:exported="true" >
100-->src/main/AndroidManifest.xml:45:17-40
101            <intent-filter>
101-->src/main/AndroidManifest.xml:47:13-54:29
102                <action android:name="android.intent.action.VIEW" />
102-->src/main/AndroidManifest.xml:48:17-69
102-->src/main/AndroidManifest.xml:48:25-66
103
104                <category android:name="android.intent.category.DEFAULT" />
104-->src/main/AndroidManifest.xml:49:17-76
104-->src/main/AndroidManifest.xml:49:27-73
105                <category android:name="android.intent.category.BROWSABLE" />
105-->src/main/AndroidManifest.xml:50:17-78
105-->src/main/AndroidManifest.xml:50:27-75
106
107                <data
107-->src/main/AndroidManifest.xml:51:17-53:72
108                    android:host="qlsv"
108-->src/main/AndroidManifest.xml:52:25-44
109                    android:path="/df1TgV3P5EtAP89964bnnVWS9cU="
109-->src/main/AndroidManifest.xml:53:25-69
110                    android:scheme="msauth" />
110-->src/main/AndroidManifest.xml:51:23-46
111            </intent-filter>
112        </activity>
113
114        <meta-data
114-->src/main/AndroidManifest.xml:57:9-59:73
115            android:name="com.google.android.gms.version"
115-->src/main/AndroidManifest.xml:58:17-62
116            android:value="@integer/google_play_services_version" />
116-->src/main/AndroidManifest.xml:59:17-70
117        <meta-data
117-->src/main/AndroidManifest.xml:60:9-62:59
118            android:name="com.google.android.geo.API_KEY"
118-->src/main/AndroidManifest.xml:61:17-62
119            android:value="@string/google_maps_key" />
119-->src/main/AndroidManifest.xml:62:17-56
120
121        <provider
121-->src/main/AndroidManifest.xml:64:9-72:20
122            android:name="androidx.core.content.FileProvider"
122-->src/main/AndroidManifest.xml:65:17-66
123            android:authorities="qlsv"
123-->src/main/AndroidManifest.xml:66:17-43
124            android:exported="false"
124-->src/main/AndroidManifest.xml:67:17-41
125            android:grantUriPermissions="true" >
125-->src/main/AndroidManifest.xml:68:17-51
126            <meta-data
126-->src/main/AndroidManifest.xml:69:13-71:58
127                android:name="android.support.FILE_PROVIDER_PATHS"
127-->src/main/AndroidManifest.xml:70:21-71
128                android:resource="@xml/file_paths" />
128-->src/main/AndroidManifest.xml:71:21-55
129        </provider>
130
131        <service
131-->src/main/AndroidManifest.xml:74:9-80:19
132            android:name="com.emglab.qlsv.service.MyFirebaseMessagingService"
132-->src/main/AndroidManifest.xml:76:17-82
133            android:exported="false" >
133-->src/main/AndroidManifest.xml:75:17-41
134            <intent-filter>
134-->src/main/AndroidManifest.xml:77:13-79:29
135                <action android:name="com.google.firebase.MESSAGE_EVENT" />
135-->src/main/AndroidManifest.xml:78:17-76
135-->src/main/AndroidManifest.xml:78:25-73
136            </intent-filter>
137        </service>
138
139        <activity
139-->src/main/AndroidManifest.xml:82:9-86:56
140            android:name="com.emglab.qlsv.MapsActivity"
140-->src/main/AndroidManifest.xml:84:17-60
141            android:exported="true"
141-->src/main/AndroidManifest.xml:83:17-40
142            android:label="@string/title_activity_maps"
142-->src/main/AndroidManifest.xml:85:17-60
143            android:screenOrientation="portrait" />
143-->src/main/AndroidManifest.xml:86:17-53
144        <activity
144-->src/main/AndroidManifest.xml:87:9-90:56
145            android:name="com.emglab.qlsv.QRCodeActivity"
145-->src/main/AndroidManifest.xml:89:17-62
146            android:exported="true"
146-->src/main/AndroidManifest.xml:88:17-40
147            android:screenOrientation="portrait" />
147-->src/main/AndroidManifest.xml:90:17-53
148        <activity
148-->src/main/AndroidManifest.xml:91:9-96:63
149            android:name="com.emglab.qlsv.MainActivity"
149-->src/main/AndroidManifest.xml:93:17-60
150            android:exported="true"
150-->src/main/AndroidManifest.xml:92:17-40
151            android:label="@string/app_name"
151-->src/main/AndroidManifest.xml:94:17-49
152            android:screenOrientation="portrait"
152-->src/main/AndroidManifest.xml:95:17-53
153            android:theme="@style/AppTheme.NoActionBar" />
153-->src/main/AndroidManifest.xml:96:17-60
154        <activity
154-->src/main/AndroidManifest.xml:97:9-107:20
155            android:name="com.emglab.qlsv.LoginActivity"
155-->src/main/AndroidManifest.xml:99:17-61
156            android:exported="true"
156-->src/main/AndroidManifest.xml:98:17-40
157            android:screenOrientation="portrait"
157-->src/main/AndroidManifest.xml:100:17-53
158            android:theme="@style/AppTheme.NoActionBar" >
158-->src/main/AndroidManifest.xml:101:17-60
159            <intent-filter>
159-->src/main/AndroidManifest.xml:102:13-106:29
160                <action android:name="android.intent.action.MAIN" />
160-->src/main/AndroidManifest.xml:103:17-69
160-->src/main/AndroidManifest.xml:103:25-66
161
162                <category android:name="android.intent.category.LAUNCHER" />
162-->src/main/AndroidManifest.xml:105:17-77
162-->src/main/AndroidManifest.xml:105:27-74
163            </intent-filter>
164        </activity>
165        <activity
165-->src/main/AndroidManifest.xml:108:9-112:53
166            android:name="com.journeyapps.barcodescanner.CaptureActivity"
166-->src/main/AndroidManifest.xml:110:17-78
167            android:clearTaskOnLaunch="true"
167-->[com.journeyapps:zxing-android-embedded:3.3.0] AndroidManifest.xml:48:13-45
168            android:exported="true"
168-->src/main/AndroidManifest.xml:109:17-40
169            android:screenOrientation="fullSensor"
169-->src/main/AndroidManifest.xml:111:17-55
170            android:stateNotNeeded="true"
170-->[com.journeyapps:zxing-android-embedded:3.3.0] AndroidManifest.xml:50:13-42
171            android:theme="@style/zxing_CaptureTheme"
171-->[com.journeyapps:zxing-android-embedded:3.3.0] AndroidManifest.xml:51:13-54
172            android:windowSoftInputMode="stateAlwaysHidden" />
172-->[com.journeyapps:zxing-android-embedded:3.3.0] AndroidManifest.xml:52:13-60
173
174        <!-- <receiver -->
175        <!-- android:exported="false" -->
176        <!-- android:name="com.emglab.qlsv.utilities.noti.AlarmReceiver"> -->
177        <!-- <intent-filter> -->
178        <!-- <action android:name="android.intent.action.BOOT_COMPLETED" /> -->
179        <!-- </intent-filter> -->
180        <!-- </receiver> -->
181        <!-- <service -->
182        <!-- android:exported="false" -->
183        <!-- android:name="com.emglab.qlsv.service.RunningService"/> -->
184        <!-- <service -->
185        <!-- android:exported="false" -->
186        <!-- android:name="com.emglab.qlsv.service.RunService"/> -->
187        <service
187-->[com.google.firebase:firebase-config-ktx:20.0.2] AndroidManifest.xml:12:9-18:19
188            android:name="com.google.firebase.components.ComponentDiscoveryService"
188-->[com.google.firebase:firebase-config-ktx:20.0.2] AndroidManifest.xml:13:13-84
189            android:directBootAware="true"
189-->[com.google.firebase:firebase-common:19.5.0] AndroidManifest.xml:35:13-43
190            android:exported="false" >
190-->[com.google.firebase:firebase-config-ktx:20.0.2] AndroidManifest.xml:14:13-37
191            <meta-data
191-->[com.google.firebase:firebase-config-ktx:20.0.2] AndroidManifest.xml:15:13-17:85
192                android:name="com.google.firebase.components:com.google.firebase.remoteconfig.ktx.FirebaseRemoteConfigKtxRegistrar"
192-->[com.google.firebase:firebase-config-ktx:20.0.2] AndroidManifest.xml:16:17-132
193                android:value="com.google.firebase.components.ComponentRegistrar" />
193-->[com.google.firebase:firebase-config-ktx:20.0.2] AndroidManifest.xml:17:17-82
194            <meta-data
194-->[com.google.firebase:firebase-crashlytics-ktx:17.3.0] AndroidManifest.xml:27:13-29:85
195                android:name="com.google.firebase.components:com.google.firebase.crashlytics.ktx.FirebaseCrashlyticsKtxRegistrar"
195-->[com.google.firebase:firebase-crashlytics-ktx:17.3.0] AndroidManifest.xml:28:17-130
196                android:value="com.google.firebase.components.ComponentRegistrar" />
196-->[com.google.firebase:firebase-crashlytics-ktx:17.3.0] AndroidManifest.xml:29:17-82
197            <meta-data
197-->[com.google.firebase:firebase-analytics-ktx:18.0.0] AndroidManifest.xml:11:13-13:85
198                android:name="com.google.firebase.components:com.google.firebase.analytics.ktx.FirebaseAnalyticsKtxRegistrar"
198-->[com.google.firebase:firebase-analytics-ktx:18.0.0] AndroidManifest.xml:12:17-126
199                android:value="com.google.firebase.components.ComponentRegistrar" />
199-->[com.google.firebase:firebase-analytics-ktx:18.0.0] AndroidManifest.xml:13:17-82
200            <meta-data
200-->[com.google.firebase:firebase-common-ktx:19.4.0] AndroidManifest.xml:15:13-17:85
201                android:name="com.google.firebase.components:com.google.firebase.ktx.FirebaseCommonKtxRegistrar"
201-->[com.google.firebase:firebase-common-ktx:19.4.0] AndroidManifest.xml:16:17-113
202                android:value="com.google.firebase.components.ComponentRegistrar" />
202-->[com.google.firebase:firebase-common-ktx:19.4.0] AndroidManifest.xml:17:17-82
203            <meta-data
203-->[com.google.firebase:firebase-messaging:21.0.0] AndroidManifest.xml:39:13-41:85
204                android:name="com.google.firebase.components:com.google.firebase.messaging.FirebaseMessagingRegistrar"
204-->[com.google.firebase:firebase-messaging:21.0.0] AndroidManifest.xml:40:17-119
205                android:value="com.google.firebase.components.ComponentRegistrar" />
205-->[com.google.firebase:firebase-messaging:21.0.0] AndroidManifest.xml:41:17-82
206            <meta-data
206-->[com.google.firebase:firebase-crashlytics:17.3.0] AndroidManifest.xml:18:13-20:85
207                android:name="com.google.firebase.components:com.google.firebase.crashlytics.CrashlyticsRegistrar"
207-->[com.google.firebase:firebase-crashlytics:17.3.0] AndroidManifest.xml:19:17-115
208                android:value="com.google.firebase.components.ComponentRegistrar" />
208-->[com.google.firebase:firebase-crashlytics:17.3.0] AndroidManifest.xml:20:17-82
209            <meta-data
209-->[com.google.firebase:firebase-database:19.6.0] AndroidManifest.xml:32:13-34:85
210                android:name="com.google.firebase.components:com.google.firebase.database.DatabaseRegistrar"
210-->[com.google.firebase:firebase-database:19.6.0] AndroidManifest.xml:33:17-109
211                android:value="com.google.firebase.components.ComponentRegistrar" />
211-->[com.google.firebase:firebase-database:19.6.0] AndroidManifest.xml:34:17-82
212            <meta-data
212-->[com.google.firebase:firebase-datatransport:17.0.3] AndroidManifest.xml:28:13-30:85
213                android:name="com.google.firebase.components:com.google.firebase.datatransport.TransportRegistrar"
213-->[com.google.firebase:firebase-datatransport:17.0.3] AndroidManifest.xml:29:17-115
214                android:value="com.google.firebase.components.ComponentRegistrar" />
214-->[com.google.firebase:firebase-datatransport:17.0.3] AndroidManifest.xml:30:17-82
215            <meta-data
215-->[com.google.firebase:firebase-iid:21.0.0] AndroidManifest.xml:32:13-34:85
216                android:name="com.google.firebase.components:com.google.firebase.iid.Registrar"
216-->[com.google.firebase:firebase-iid:21.0.0] AndroidManifest.xml:33:17-96
217                android:value="com.google.firebase.components.ComponentRegistrar" />
217-->[com.google.firebase:firebase-iid:21.0.0] AndroidManifest.xml:34:17-82
218            <meta-data
218-->[com.google.firebase:firebase-config:20.0.2] AndroidManifest.xml:32:13-34:85
219                android:name="com.google.firebase.components:com.google.firebase.remoteconfig.RemoteConfigRegistrar"
219-->[com.google.firebase:firebase-config:20.0.2] AndroidManifest.xml:33:17-117
220                android:value="com.google.firebase.components.ComponentRegistrar" />
220-->[com.google.firebase:firebase-config:20.0.2] AndroidManifest.xml:34:17-82
221            <meta-data
221-->[com.google.firebase:firebase-abt:20.0.0] AndroidManifest.xml:13:13-15:85
222                android:name="com.google.firebase.components:com.google.firebase.abt.component.AbtRegistrar"
222-->[com.google.firebase:firebase-abt:20.0.0] AndroidManifest.xml:14:17-109
223                android:value="com.google.firebase.components.ComponentRegistrar" />
223-->[com.google.firebase:firebase-abt:20.0.0] AndroidManifest.xml:15:17-82
224            <meta-data
224-->[com.google.android.gms:play-services-measurement-api:18.0.0] AndroidManifest.xml:30:13-32:85
225                android:name="com.google.firebase.components:com.google.firebase.analytics.connector.internal.AnalyticsConnectorRegistrar"
225-->[com.google.android.gms:play-services-measurement-api:18.0.0] AndroidManifest.xml:31:17-139
226                android:value="com.google.firebase.components.ComponentRegistrar" />
226-->[com.google.android.gms:play-services-measurement-api:18.0.0] AndroidManifest.xml:32:17-82
227            <meta-data
227-->[com.google.firebase:firebase-installations:16.3.4] AndroidManifest.xml:18:13-20:85
228                android:name="com.google.firebase.components:com.google.firebase.installations.FirebaseInstallationsRegistrar"
228-->[com.google.firebase:firebase-installations:16.3.4] AndroidManifest.xml:19:17-127
229                android:value="com.google.firebase.components.ComponentRegistrar" />
229-->[com.google.firebase:firebase-installations:16.3.4] AndroidManifest.xml:20:17-82
230            <!--
231                This registrar is not defined in the dynamic-module-support sdk itself to allow non-firebase
232                clients to use it as well, by defining this registrar in their own core/common library.
233            -->
234            <meta-data
234-->[com.google.firebase:firebase-common:19.5.0] AndroidManifest.xml:43:13-45:85
235                android:name="com.google.firebase.components:com.google.firebase.dynamicloading.DynamicLoadingRegistrar"
235-->[com.google.firebase:firebase-common:19.5.0] AndroidManifest.xml:44:17-121
236                android:value="com.google.firebase.components.ComponentRegistrar" />
236-->[com.google.firebase:firebase-common:19.5.0] AndroidManifest.xml:45:17-82
237        </service>
238
239        <activity
239-->[com.karumi:dexter:6.2.2] AndroidManifest.xml:27:9-29:72
240            android:name="com.karumi.dexter.DexterActivity"
240-->[com.karumi:dexter:6.2.2] AndroidManifest.xml:28:13-60
241            android:theme="@style/Dexter.Internal.Theme.Transparent" /> <!-- MSAL activity that will be used to process all the auth related logic -->
241-->[com.karumi:dexter:6.2.2] AndroidManifest.xml:29:13-69
242        <activity
242-->[com.microsoft.identity.client:msal:2.2.3] AndroidManifest.xml:16:9-20:47
243            android:name="com.microsoft.identity.common.internal.providers.oauth2.AuthorizationActivity"
243-->[com.microsoft.identity.client:msal:2.2.3] AndroidManifest.xml:17:13-105
244            android:configChanges="orientation|keyboardHidden|screenSize|smallestScreenSize|screenLayout"
244-->[com.microsoft.identity.client:msal:2.2.3] AndroidManifest.xml:18:13-106
245            android:exported="false"
245-->[com.microsoft.identity.client:msal:2.2.3] AndroidManifest.xml:19:13-37
246            android:launchMode="singleTask" />
246-->[com.microsoft.identity.client:msal:2.2.3] AndroidManifest.xml:20:13-44
247        <activity
247-->[com.microsoft.identity.client:msal:2.2.3] AndroidManifest.xml:21:9-25:45
248            android:name="com.microsoft.identity.common.internal.providers.oauth2.CurrentTaskAuthorizationActivity"
248-->[com.microsoft.identity.client:msal:2.2.3] AndroidManifest.xml:22:13-116
249            android:configChanges="orientation|keyboardHidden|screenSize|smallestScreenSize|screenLayout"
249-->[com.microsoft.identity.client:msal:2.2.3] AndroidManifest.xml:23:13-106
250            android:exported="false"
250-->[com.microsoft.identity.client:msal:2.2.3] AndroidManifest.xml:24:13-37
251            android:launchMode="standard" /> <!-- Helper activity for displaying current broker redirect URI configuration -->
251-->[com.microsoft.identity.client:msal:2.2.3] AndroidManifest.xml:25:13-42
252        <activity
252-->[com.microsoft.identity.client:msal:2.2.3] AndroidManifest.xml:28:9-32:45
253            android:name="com.microsoft.identity.client.helper.BrokerHelperActivity"
253-->[com.microsoft.identity.client:msal:2.2.3] AndroidManifest.xml:29:13-85
254            android:configChanges="orientation|keyboardHidden|screenSize|smallestScreenSize|screenLayout"
254-->[com.microsoft.identity.client:msal:2.2.3] AndroidManifest.xml:30:13-106
255            android:exported="false"
255-->[com.microsoft.identity.client:msal:2.2.3] AndroidManifest.xml:31:13-37
256            android:launchMode="standard" />
256-->[com.microsoft.identity.client:msal:2.2.3] AndroidManifest.xml:32:13-42
257        <activity
257-->[com.microsoft.identity.client:msal:2.2.3] AndroidManifest.xml:38:9-40:39
258            android:name="com.microsoft.identity.client.CurrentTaskBrowserTabActivity"
258-->[com.microsoft.identity.client:msal:2.2.3] AndroidManifest.xml:39:13-87
259            android:exported="true" />
259-->[com.microsoft.identity.client:msal:2.2.3] AndroidManifest.xml:40:13-36
260        <activity
260-->[pub.devrel:easypermissions:3.0.0] AndroidManifest.xml:12:9-16:66
261            android:name="pub.devrel.easypermissions.AppSettingsDialogHolderActivity"
261-->[pub.devrel:easypermissions:3.0.0] AndroidManifest.xml:13:13-86
262            android:exported="false"
262-->[pub.devrel:easypermissions:3.0.0] AndroidManifest.xml:14:13-37
263            android:label=""
263-->[pub.devrel:easypermissions:3.0.0] AndroidManifest.xml:15:13-29
264            android:theme="@style/EasyPermissions.Transparent" /> <!-- Activity to invoke an interactive request to the intent passed by ad-accounts(Broker) -->
264-->[pub.devrel:easypermissions:3.0.0] AndroidManifest.xml:16:13-63
265        <activity android:name="com.microsoft.identity.common.internal.broker.BrokerActivity" />
265-->[com.microsoft.identity:common:3.6.7] AndroidManifest.xml:50:9-97
265-->[com.microsoft.identity:common:3.6.7] AndroidManifest.xml:50:19-94
266
267        <provider
267-->[com.squareup.picasso:picasso:2.71828] AndroidManifest.xml:8:9-11:40
268            android:name="com.squareup.picasso.PicassoProvider"
268-->[com.squareup.picasso:picasso:2.71828] AndroidManifest.xml:9:13-64
269            android:authorities="com.emglab.qlsv.com.squareup.picasso"
269-->[com.squareup.picasso:picasso:2.71828] AndroidManifest.xml:10:13-72
270            android:exported="false" />
270-->[com.squareup.picasso:picasso:2.71828] AndroidManifest.xml:11:13-37
271        <!--
272             FirebaseMessagingService performs security checks at runtime,
273             but set to not exported to explicitly avoid allowing another app to call it.
274        -->
275        <service
275-->[com.google.firebase:firebase-messaging:21.0.0] AndroidManifest.xml:28:9-35:19
276            android:name="com.google.firebase.messaging.FirebaseMessagingService"
276-->[com.google.firebase:firebase-messaging:21.0.0] AndroidManifest.xml:29:13-82
277            android:directBootAware="true"
277-->[com.google.firebase:firebase-messaging:21.0.0] AndroidManifest.xml:30:13-43
278            android:exported="false" >
278-->[com.google.firebase:firebase-messaging:21.0.0] AndroidManifest.xml:31:13-37
279            <intent-filter android:priority="-500" >
279-->[com.google.firebase:firebase-messaging:21.0.0] AndroidManifest.xml:32:13-34:29